<?xml version="1.0" encoding="UTF-8"?>
<!-- Generated by org.testng.reporters.JUnitReportReporter -->
<testsuite hostname="DESKTOP-BMKO81V" failures="0" tests="8" name="com.bankguru.account.Account_Level03_PageObject" time="14.034" errors="0" timestamp="09 Jun 2023 10:07:32 GMT" skipped="0">
  <testcase classname="com.bankguru.account.Account_Level03_PageObject" name="TC_01_registerToSystem" time="4.923"/>
  <testcase classname="com.bankguru.account.Account_Level03_PageObject" name="TC_02_loginToSystem" time="2.964"/>
  <testcase classname="com.bankguru.account.Account_Level03_PageObject" name="TC_03_CusNameEmpty" time="1.932"/>
  <testcase classname="com.bankguru.account.Account_Level03_PageObject" name="TC_04_CusNameCannotNummeric" time="3.313"/>
  <testcase classname="com.bankguru.account.Account_Level03_PageObject" name="TC_05_CusNameCannotFirstSpaceChar" time="0.244"/>
  <testcase classname="com.bankguru.account.Account_Level03_PageObject" name="TC_06_CusNameSpecialChar" time="0.309"/>
  <testcase classname="com.bankguru.account.Account_Level03_PageObject" name="TC_07_AddessNotEmpty" time="0.152"/>
  <testcase classname="com.bankguru.account.Account_Level03_PageObject" name="TC_07_AddessHaveFirstBlank" time="0.197"/>
</testsuite> <!-- com.bankguru.account.Account_Level03_PageObject -->
