<?xml version="1.0" encoding="UTF-8"?>
<!-- Generated by org.testng.reporters.JUnitReportReporter -->
<testsuite hostname="DESKTOP-BMKO81V" failures="0" tests="18" name="com.bankguru.account.Account_Level03_PageObject" time="16.048" errors="0" timestamp="10 Jun 2023 01:22:28 GMT" skipped="0">
  <testcase classname="com.bankguru.account.Account_Level03_PageObject" name="TC_01_registerToSystem" time="3.567"/>
  <testcase classname="com.bankguru.account.Account_Level03_PageObject" name="TC_02_loginToSystem" time="2.313"/>
  <testcase classname="com.bankguru.account.Account_Level03_PageObject" name="TC_03_CusNameEmpty" time="1.837"/>
  <testcase classname="com.bankguru.account.Account_Level03_PageObject" name="TC_04_CusNameCannotNummeric" time="3.201"/>
  <testcase classname="com.bankguru.account.Account_Level03_PageObject" name="TC_05_CusNameCannotFirstSpaceChar" time="0.126"/>
  <testcase classname="com.bankguru.account.Account_Level03_PageObject" name="TC_06_CusNameSpecialChar" time="0.180"/>
  <testcase classname="com.bankguru.account.Account_Level03_PageObject" name="TC_07_AddessNotEmpty" time="0.104"/>
  <testcase classname="com.bankguru.account.Account_Level03_PageObject" name="TC_07_AddessHaveFirstBlank" time="0.107"/>
  <testcase classname="com.bankguru.account.Account_Level03_PageObject" name="cityCannotBeEmpty" time="0.089"/>
  <testcase classname="com.bankguru.account.Account_Level03_PageObject" name="cityCannotBeNumeric" time="0.145"/>
  <testcase classname="com.bankguru.account.Account_Level03_PageObject" name="cityCannotFirstBlank" time="0.122"/>
  <testcase classname="com.bankguru.account.Account_Level03_PageObject" name="stateCannotBeEmpty" time="0.086"/>
  <testcase classname="com.bankguru.account.Account_Level03_PageObject" name="stateCannotBeNumeric" time="0.148"/>
  <testcase classname="com.bankguru.account.Account_Level03_PageObject" name="stateWithFirstBlank" time="0.144"/>
  <testcase classname="com.bankguru.account.Account_Level03_PageObject" name="pinCannotBeEmpty" time="0.091"/>
  <testcase classname="com.bankguru.account.Account_Level03_PageObject" name="pinMustBeNumeric" time="1.206"/>
  <testcase classname="com.bankguru.account.Account_Level03_PageObject" name="pinLesserThan6" time="0.193"/>
  <testcase classname="com.bankguru.account.Account_Level03_PageObject" name="CreateCustomerSuccess" time="2.389"/>
</testsuite> <!-- com.bankguru.account.Account_Level03_PageObject -->
