<?xml version="1.0" encoding="UTF-8"?>
<!-- Generated by org.testng.reporters.JUnitReportReporter -->
<testsuite hostname="DESKTOP-BMKO81V" failures="0" tests="18" name="com.bankguru.account.Account_Level05_PageFactoryManage_SingletonParten" time="15.009" errors="0" timestamp="10 Jun 2023 03:33:09 GMT" skipped="0">
  <testcase classname="com.bankguru.account.Account_Level05_PageFactoryManage_SingletonParten" name="TC_01_registerToSystem" time="3.363"/>
  <testcase classname="com.bankguru.account.Account_Level05_PageFactoryManage_SingletonParten" name="TC_02_loginToSystem" time="2.350"/>
  <testcase classname="com.bankguru.account.Account_Level05_PageFactoryManage_SingletonParten" name="TC_03_clickToNewCustomer" time="0.907"/>
  <testcase classname="com.bankguru.account.Account_Level05_PageFactoryManage_SingletonParten" name="TC_04_CusNameCannotNummeric" time="3.173"/>
  <testcase classname="com.bankguru.account.Account_Level05_PageFactoryManage_SingletonParten" name="TC_05_CusNameCannotFirstSpaceChar" time="0.143"/>
  <testcase classname="com.bankguru.account.Account_Level05_PageFactoryManage_SingletonParten" name="TC_06_CusNameSpecialChar" time="0.168"/>
  <testcase classname="com.bankguru.account.Account_Level05_PageFactoryManage_SingletonParten" name="TC_07_AddessNotEmpty" time="0.089"/>
  <testcase classname="com.bankguru.account.Account_Level05_PageFactoryManage_SingletonParten" name="TC_07_AddessHaveFirstBlank" time="0.112"/>
  <testcase classname="com.bankguru.account.Account_Level05_PageFactoryManage_SingletonParten" name="cityCannotBeEmpty" time="0.099"/>
  <testcase classname="com.bankguru.account.Account_Level05_PageFactoryManage_SingletonParten" name="cityCannotBeNumeric" time="0.145"/>
  <testcase classname="com.bankguru.account.Account_Level05_PageFactoryManage_SingletonParten" name="cityCannotFirstBlank" time="0.108"/>
  <testcase classname="com.bankguru.account.Account_Level05_PageFactoryManage_SingletonParten" name="stateCannotBeEmpty" time="0.083"/>
  <testcase classname="com.bankguru.account.Account_Level05_PageFactoryManage_SingletonParten" name="stateCannotBeNumeric" time="0.137"/>
  <testcase classname="com.bankguru.account.Account_Level05_PageFactoryManage_SingletonParten" name="stateWithFirstBlank" time="0.113"/>
  <testcase classname="com.bankguru.account.Account_Level05_PageFactoryManage_SingletonParten" name="pinCannotBeEmpty" time="0.083"/>
  <testcase classname="com.bankguru.account.Account_Level05_PageFactoryManage_SingletonParten" name="pinMustBeNumeric" time="1.200"/>
  <testcase classname="com.bankguru.account.Account_Level05_PageFactoryManage_SingletonParten" name="pinLesserThan6" time="0.193"/>
  <testcase classname="com.bankguru.account.Account_Level05_PageFactoryManage_SingletonParten" name="CreateCustomerSuccess" time="2.543"/>
</testsuite> <!-- com.bankguru.account.Account_Level05_PageFactoryManage_SingletonParten -->
